1 T
2 T
3 T
4 T
5 T
6 T
7 T
8 T
9 T
10 F
11 T
12 T
13 T
14 T
15 T
16 T
17 T
18 T
19 T
20 T
21 T
22 T
23 T
24 T
25 T
26 T
27 F
28 T
29 T
30 T
31 T
32 T
33 T
34 T
35 T
36 T
37 F
38 T
39 T
40 T
41 T
42 T
43 T
44 T
45 T
46 T
47 T
48 T
49 T
50 F
51 F
52 T
53 T
54 T
55 T
56 T
57 F
58 T
59 T
60 T
61 T
62 T
63 T
64 T
65 T
66 T
67 T
68 T
69 T
70 F
71 T
72 T
73 T
74 F
75 T
76 F
77 T
78 T
79 T
80 F
81 T
82 T
83 F
84 F
85 T
86 F
87 T
88 T
89 F
90 T
91 T
92 F
93 T
94 T
95 T
96 F
97 T
98 T
99 T
100 F
101 F
102 F
103 F
104 T
105 T
106 F
107 F
108 F
109 F
110 T
111 T
112 F
113 T
114 F
115 T
116 F
117 F
118 F
119 F
120 T
121 F
122 F
123 T
124 F
125 F
126 T
127 F
128 F
129 F
130 F
131 T
132 F
133 F
134 F
135 T
136 F
137 T
138 F
139 F
140 F
141 T
142 F
143 F
144 F
145 F
146 F
147 F
148 F
149 T
150 T
151 F
152 T
153 T
154 F
155 F
156 F
157 F
158 F
159 T
160 T
161 F
162 T
163 T
164 T
165 T
166 F
167 F
168 T
169 F
170 T
171 T
172 T
173 F
174 F
175 F
176 F
177 T
178 F
179 F
180 F
181 F
182 F
183 F
184 F
185 F
186 F
187 T
188 F
189 F
190 F
191 F
192 F
193 F
194 F
195 T
196 T
197 F
198 F
199 F
200 F
201 T
202 F
203 T
204 T
205 T
206 T
207 T
208 F
209 T
210 T
211 F
212 F
213 T
214 F
215 F
216 F
217 F
218 F
219 F
220 F
221 F
222 T
223 F
224 F
225 F
226 F
227 F
228 T
229 F
230 F
231 T
232 F
233 F
234 T
235 F
236 T
237 T
238 T
239 F
240 F
241 F
242 F
243 F
244 F
245 T
246 F
247 F
248 T
249 F
250 F
251 F
252 F
253 F
254 F
255 F
256 F
257 T
258 T
259 F
260 F
261 T
262 T
263 F
264 T
265 F
266 T
267 F
268 F
269 F
270 F
271 T
272 F
273 F
274 T
275 F
276 F
277 T
278 F
279 F
280 F
281 F
282 T
283 F
284 F
285 F
286 T
287 F
288 T
289 F
290 F
291 F
292 T
293 F
294 F
295 F
296 F
297 F
298 F
299 F
300 T
154
