    1    3    1
    2    2    1
    2    2    1
    3    1    1
    3    1    1
4
    1    3    1
    2    2    1
    2    1    1
    3    1    2
    2    2    1
1
    1    3    1
    2    2    1
    2    1    1
    3    1    2
    3    1    2
    3    1    2
    3    1    2
    3    1    2
    3    1    2
    3    1    2
    3    1    2
    3    1    2
    2    2    1
    2    2    1
    2    2    1
    2    2    1
    2    2    1
    2    2    1
    2    2    1
    2    2    1
    2    2    1
45
    1   11    1
    2   10    1
    2    4    1
    3    3    1
    3    3    1
    4    2    1
    4    1    1
    5    1    2
    5    1    2
    5    1    2
    5    1    2
    5    1    2
    5    1    2
    5    1    2
    5    1    2
    5    1    2
    5    1    2
    5    1    2
    5    1    2
    4    2    1
    4    2    1
    4    2    1
    4    2    1
    4    2    1
    4    2    1
    4    2    1
    4    2    1
    4    2    1
    4    2    1
    4    2    1
    4    2    1
    3    3    1
    3    3    1
    3    3    1
    3    3    1
    3    3    1
    3    3    1
    3    3    1
    3    3    1
    3    3    1
    3    3    1
    3    3    1
    6    6    5
    6    5    5
    7    4    5
    7    1    5
    8    3    6
    8    1    6
    9    2    7
    9    1    7
   10    1    8
   10    1    8
   10    1    8
   10    1    8
   10    1    8
   10    1    8
   10    1    8
   10    1    8
   10    1    8
   10    1    8
    9    2    7
    9    2    7
    9    2    7
    9    2    7
    9    2    7
    9    2    7
    9    2    7
    9    2    7
    9    2    7
    9    2    7
    8    2    6
   10    1    8
    8    3    6
    8    3    6
    8    3    6
    8    3    6
    8    3    6
    8    3    6
    8    3    6
    8    3    6
    8    3    6
    8    3    6
    8    3    6
    7    2    5
    9    2    7
    7    3    5
   10    1    8
    7    4    5
    7    4    5
    7    4    5
    7    4    5
    7    4    5
    7    4    5
    7    4    5
    7    4    5
    7    4    5
    7    4    5
    7    4    5
    7    4    5
   11    1   10
   11    1   10
   11    1   10
   11    1   10
   11    1   10
   11    1   10
   11    1   10
   11    1   10
   11    1   10
   11    1   10
   11    1   10
    6    6    5
    6    6    5
    6    6    5
    6    6    5
    6    6    5
    6    6    5
    6    6    5
    6    6    5
    6    6    5
    6    6    5
    6    6    5
    2    9    1
   11    1   10
    2   10    1
    2   10    1
    2   10    1
    2   10    1
    2   10    1
    2   10    1
    2   10    1
    2   10    1
    2   10    1
    2   10    1
    2   10    1
    2   10    1
207352860
